Arguments: 
  /usr/local/Cellar/node/14.7.0/bin/node /usr/local/Cellar/yarn/1.22.4/libexec/bin/yarn.js

PATH: 
  /usr/local/bin:/usr/bin:/bin:/usr/sbin:/sbin:/Library/Apple/usr/bin:/Users/jyri/Library/Android/sdk/platform-tools:/Users/jyri/Work/venture/components/aws-amplify-auth-ui-kitten/node_modules/.bin

Yarn version: 
  1.22.4

Node version: 
  14.7.0

Platform: 
  darwin x64

Trace: 
  SyntaxError: /Users/jyri/Work/venture/components/aws-amplify-auth-ui-kitten/package.json: Unexpected token } in JSON at position 1011
      at JSON.parse (<anonymous>)
      at /usr/local/Cellar/yarn/1.22.4/libexec/lib/cli.js:1625:59
      at Generator.next (<anonymous>)
      at step (/usr/local/Cellar/yarn/1.22.4/libexec/lib/cli.js:310:30)
      at /usr/local/Cellar/yarn/1.22.4/libexec/lib/cli.js:321:13

npm manifest: 
  {
    "name": "@meom/aws-amplify-auth-ui-kitten",
    "version": "1.0.0",
    "description": "AWS Amplify Authentication UI Kitten implementation",
    "main": "lib/index.js",
    "types": "lib/index.d.ts",
    "files": [
      "lib/**/*"
    ],
    "scripts": {
      "test": "echo \"Error: no test specified\" && exit 1"
    },
    "repository": {
      "type": "git",
      "url": "git+https://github.com/MEOM/aws-amplify-auth-ui-kitten.git"
    },
    "keywords": [
      "AWS",
      "Amplify",
      "Authentication",
      "UI Kitten"
    ],
    "author": "MEOM",
    "license": "MIT",
    "bugs": {
      "url": "https://github.com/MEOM/aws-amplify-auth-ui-kitten/issues"
    },
    "homepage": "https://github.com/MEOM/aws-amplify-auth-ui-kitten#readme",
    "devDependencies": {
      "typescript": "^4.1.3"
    },
    "peerDependencies": {
      "@ui-kitten/components": "^5.0.0",
      "aws-amplify-react-native": "^4.2.10",
      "react": "16.13.1",
      "react-dom": "16.13.1",
      "react-native": "https://github.com/expo/react-native/archive/sdk-40.0.1.tar.gz",
    }
  }

yarn manifest: 
  No manifest

Lockfile: 
  # THIS IS AN AUTOGENERATED FILE. DO NOT EDIT THIS FILE DIRECTLY.
  # yarn lockfile v1
  
  
  typescript@^4.1.3:
    version "4.1.3"
    resolved "https://registry.yarnpkg.com/typescript/-/typescript-4.1.3.tgz#519d582bd94cba0cf8934c7d8e8467e473f53bb7"
    integrity sha512-B3ZIOf1IKeH2ixgHhj6la6xdwR9QrLC5d1VKeCSY4tvkqhF2eqd9O7txNlS0PO3GrBAFIdr3L1ndNwteUbZLYg==
